# JRE version: Java(TM) SE Runtime Environment (8.0_172-b11) (build 1.8.0_172-b11)
# Java VM: Java HotSpot(TM) 64-Bit Server VM (25.172-b11 mixed mode windows-amd64 compressed oops)
Heap:
 PSYoungGen      total 139776K, used 67119K [0x000000076c180000, 0x0000000775480000, 0x00000007c0000000)
  eden space 129024K, 43% used [0x000000076c180000,0x000000076f893f88,0x0000000773f80000)
  from space 10752K, 99% used [0x0000000773f80000,0x00000007749f8020,0x0000000774a00000)
  to   space 10752K, 0% used [0x0000000774a00000,0x0000000774a00000,0x0000000775480000)
 ParOldGen       total 172032K, used 91163K [0x00000006c4400000, 0x00000006cec00000, 0x000000076c180000)
  object space 172032K, 52% used [0x00000006c4400000,0x00000006c9d06e90,0x00000006cec00000)
 Metaspace       used 18446K, capacity 18950K, committed 19200K, reserved 1067008K
  class space    used 2181K, capacity 2300K, committed 2304K, reserved 1048576K
GC Heap History (10 events):
Event: 1.665 GC heap before
{Heap before GC invocations=3 (full 0):
 PSYoungGen      total 139776K, used 139752K [0x000000076c180000, 0x0000000775480000, 0x00000007c0000000)
  eden space 129024K, 100% used [0x000000076c180000,0x0000000773f80000,0x0000000773f80000)
  from space 10752K, 99% used [0x0000000774a00000,0x000000077547a020,0x0000000775480000)
  to   space 10752K, 0% used [0x0000000773f80000,0x0000000773f80000,0x0000000774a00000)
 ParOldGen       total 172032K, used 10129K [0x00000006c4400000, 0x00000006cec00000, 0x000000076c180000)
  object space 172032K, 5% used [0x00000006c4400000,0x00000006c4de4538,0x00000006cec00000)
 Metaspace       used 15749K, capacity 16142K, committed 16384K, reserved 1062912K
  class space    used 1852K, capacity 1948K, committed 2048K, reserved 1048576K
Event: 1.681 GC heap after
Heap after GC invocations=3 (full 0):
 PSYoungGen      total 139776K, used 10744K [0x000000076c180000, 0x0000000775480000, 0x00000007c0000000)
  eden space 129024K, 0% used [0x000000076c180000,0x000000076c180000,0x0000000773f80000)
  from space 10752K, 99% used [0x0000000773f80000,0x00000007749fe050,0x0000000774a00000)
  to   space 10752K, 0% used [0x0000000774a00000,0x0000000774a00000,0x0000000775480000)
 ParOldGen       total 172032K, used 29303K [0x00000006c4400000, 0x00000006cec00000, 0x000000076c180000)
  object space 172032K, 17% used [0x00000006c4400000,0x00000006c609dd98,0x00000006cec00000)
 Metaspace       used 15749K, capacity 16142K, committed 16384K, reserved 1062912K
  class space    used 1852K, capacity 1948K, committed 2048K, reserved 1048576K
}
Event: 1.976 GC heap before
{Heap before GC invocations=4 (full 0):
 PSYoungGen      total 139776K, used 139768K [0x000000076c180000, 0x0000000775480000, 0x00000007c0000000)
  eden space 129024K, 100% used [0x000000076c180000,0x0000000773f80000,0x0000000773f80000)
  from space 10752K, 99% used [0x0000000773f80000,0x00000007749fe050,0x0000000774a00000)
  to   space 10752K, 0% used [0x0000000774a00000,0x0000000774a00000,0x0000000775480000)
 ParOldGen       total 172032K, used 29303K [0x00000006c4400000, 0x00000006cec00000, 0x000000076c180000)
  object space 172032K, 17% used [0x00000006c4400000,0x00000006c609dd98,0x00000006cec00000)
 Metaspace       used 15962K, capacity 16346K, committed 16640K, reserved 1064960K
  class space    used 1853K, capacity 1950K, committed 2048K, reserved 1048576K
Event: 1.990 GC heap after
Heap after GC invocations=4 (full 0):
 PSYoungGen      total 139776K, used 10728K [0x000000076c180000, 0x0000000775480000, 0x00000007c0000000)
  eden space 129024K, 0% used [0x000000076c180000,0x000000076c180000,0x0000000773f80000)
  from space 10752K, 99% used [0x0000000774a00000,0x000000077547a040,0x0000000775480000)
  to   space 10752K, 0% used [0x0000000773f80000,0x0000000773f80000,0x0000000774a00000)
 ParOldGen       total 172032K, used 43730K [0x00000006c4400000, 0x00000006cec00000, 0x000000076c180000)
  object space 172032K, 25% used [0x00000006c4400000,0x00000006c6eb48f8,0x00000006cec00000)
 Metaspace       used 15962K, capacity 16346K, committed 16640K, reserved 1064960K
  class space    used 1853K, capacity 1950K, committed 2048K, reserved 1048576K
}
Event: 2.175 GC heap before
{Heap before GC invocations=5 (full 0):
 PSYoungGen      total 139776K, used 139752K [0x000000076c180000, 0x0000000775480000, 0x00000007c0000000)
  eden space 129024K, 100% used [0x000000076c180000,0x0000000773f80000,0x0000000773f80000)
  from space 10752K, 99% used [0x0000000774a00000,0x000000077547a040,0x0000000775480000)
  to   space 10752K, 0% used [0x0000000773f80000,0x0000000773f80000,0x0000000774a00000)
 ParOldGen       total 172032K, used 43730K [0x00000006c4400000, 0x00000006cec00000, 0x000000076c180000)
  object space 172032K, 25% used [0x00000006c4400000,0x00000006c6eb48f8,0x00000006cec00000)
 Metaspace       used 15978K, capacity 16346K, committed 16640K, reserved 1064960K
  class space    used 1853K, capacity 1950K, committed 2048K, reserved 1048576K
Event: 2.198 GC heap after
Heap after GC invocations=5 (full 0):
 PSYoungGen      total 139776K, used 10744K [0x000000076c180000, 0x0000000775480000, 0x00000007c0000000)
  eden space 129024K, 0% used [0x000000076c180000,0x000000076c180000,0x0000000773f80000)
  from space 10752K, 99% used [0x0000000773f80000,0x00000007749fe050,0x0000000774a00000)
  to   space 10752K, 0% used [0x0000000774a00000,0x0000000774a00000,0x0000000775480000)
 ParOldGen       total 172032K, used 60798K [0x00000006c4400000, 0x00000006cec00000, 0x000000076c180000)
  object space 172032K, 35% used [0x00000006c4400000,0x00000006c7f5f9b8,0x00000006cec00000)
 Metaspace       used 15978K, capacity 16346K, committed 16640K, reserved 1064960K
  class space    used 1853K, capacity 1950K, committed 2048K, reserved 1048576K
}
Event: 2.391 GC heap before
{Heap before GC invocations=6 (full 0):
 PSYoungGen      total 139776K, used 139768K [0x000000076c180000, 0x0000000775480000, 0x00000007c0000000)
  eden space 129024K, 100% used [0x000000076c180000,0x0000000773f80000,0x0000000773f80000)
  from space 10752K, 99% used [0x0000000773f80000,0x00000007749fe050,0x0000000774a00000)
  to   space 10752K, 0% used [0x0000000774a00000,0x0000000774a00000,0x0000000775480000)
 ParOldGen       total 172032K, used 60798K [0x00000006c4400000, 0x00000006cec00000, 0x000000076c180000)
  object space 172032K, 35% used [0x00000006c4400000,0x00000006c7f5f9b8,0x00000006cec00000)
 Metaspace       used 15997K, capacity 16370K, committed 16640K, reserved 1064960K
  class space    used 1856K, capacity 1954K, committed 2048K, reserved 1048576K
Event: 2.416 GC heap after
Heap after GC invocations=6 (full 0):
 PSYoungGen      total 139776K, used 10728K [0x000000076c180000, 0x0000000775480000, 0x00000007c0000000)
  eden space 129024K, 0% used [0x000000076c180000,0x000000076c180000,0x0000000773f80000)
  from space 10752K, 99% used [0x0000000774a00000,0x000000077547a060,0x0000000775480000)
  to   space 10752K, 0% used [0x0000000773f80000,0x0000000773f80000,0x0000000774a00000)
 ParOldGen       total 172032K, used 76909K [0x00000006c4400000, 0x00000006cec00000, 0x000000076c180000)
  object space 172032K, 44% used [0x00000006c4400000,0x00000006c8f1b4f8,0x00000006cec00000)
 Metaspace       used 15997K, capacity 16370K, committed 16640K, reserved 1064960K
  class space    used 1856K, capacity 1954K, committed 2048K, reserved 1048576K
}
Event: 3.705 GC heap before
{Heap before GC invocations=7 (full 0):
 PSYoungGen      total 139776K, used 139752K [0x000000076c180000, 0x0000000775480000, 0x00000007c0000000)
  eden space 129024K, 100% used [0x000000076c180000,0x0000000773f80000,0x0000000773f80000)
  from space 10752K, 99% used [0x0000000774a00000,0x000000077547a060,0x0000000775480000)
  to   space 10752K, 0% used [0x0000000773f80000,0x0000000773f80000,0x0000000774a00000)
 ParOldGen       total 172032K, used 76909K [0x00000006c4400000, 0x00000006cec00000, 0x000000076c180000)
  object space 172032K, 44% used [0x00000006c4400000,0x00000006c8f1b4f8,0x00000006cec00000)
 Metaspace       used 16581K, capacity 16984K, committed 17152K, reserved 1064960K
  class space    used 1903K, capacity 1987K, committed 2048K, reserved 1048576K
Event: 3.725 GC heap after
Heap after GC invocations=7 (full 0):
 PSYoungGen      total 139776K, used 10720K [0x000000076c180000, 0x0000000775480000, 0x00000007c0000000)
  eden space 129024K, 0% used [0x000000076c180000,0x000000076c180000,0x0000000773f80000)
  from space 10752K, 99% used [0x0000000773f80000,0x00000007749f8020,0x0000000774a00000)
  to   space 10752K, 0% used [0x0000000774a00000,0x0000000774a00000,0x0000000775480000)
 ParOldGen       total 172032K, used 91163K [0x00000006c4400000, 0x00000006cec00000, 0x000000076c180000)
  object space 172032K, 52% used [0x00000006c4400000,0x00000006c9d06e90,0x00000006cec00000)
 Metaspace       used 16581K, capacity 16984K, committed 17152K, reserved 1064960K
  class space    used 1903K, capacity 1987K, committed 2048K, reserved 1048576K
}

